# JRE version: OpenJDK Runtime Environment (8.0_275-b01) (build 1.8.0_275-8u275-b01-0ubuntu1~18.04-b01)
# Java VM: OpenJDK 64-Bit Server VM (25.275-b01 mixed mode linux-amd64 compressed oops)
Heap:
 PSYoungGen      total 143360K, used 20688K [0x00000000f5580000, 0x0000000100000000, 0x0000000100000000)
  eden space 117248K, 0% used [0x00000000f5580000,0x00000000f5580000,0x00000000fc800000)
  from space 26112K, 79% used [0x00000000fe400000,0x00000000ff834010,0x00000000ffd80000)
  to   space 28672K, 0% used [0x00000000fc800000,0x00000000fc800000,0x00000000fe400000)
 ParOldGen       total 349696K, used 342503K [0x00000000e0000000, 0x00000000f5580000, 0x00000000f5580000)
  object space 349696K, 97% used [0x00000000e0000000,0x00000000f4e79e20,0x00000000f5580000)
 Metaspace       used 128166K, capacity 140046K, committed 140416K, reserved 1171456K
  class space    used 16332K, capacity 18427K, committed 18560K, reserved 1048576K
GC Heap History (10 events):
Event: 22025,253 GC heap after
Heap after GC invocations=224 (full 8):
 PSYoungGen      total 144384K, used 4040K [0x00000000f5580000, 0x00000000ffe80000, 0x0000000100000000)
  eden space 116736K, 0% used [0x00000000f5580000,0x00000000f5580000,0x00000000fc780000)
  from space 27648K, 14% used [0x00000000fe380000,0x00000000fe772368,0x00000000ffe80000)
  to   space 28160K, 0% used [0x00000000fc780000,0x00000000fc780000,0x00000000fe300000)
 ParOldGen       total 349696K, used 326923K [0x00000000e0000000, 0x00000000f5580000, 0x00000000f5580000)
  object space 349696K, 93% used [0x00000000e0000000,0x00000000f3f42d80,0x00000000f5580000)
 Metaspace       used 127965K, capacity 139750K, committed 140032K, reserved 1171456K
  class space    used 16317K, capacity 18401K, committed 18432K, reserved 1048576K
}
Event: 22025,867 GC heap before
{Heap before GC invocations=225 (full 8):
 PSYoungGen      total 144384K, used 120776K [0x00000000f5580000, 0x00000000ffe80000, 0x0000000100000000)
  eden space 116736K, 100% used [0x00000000f5580000,0x00000000fc780000,0x00000000fc780000)
  from space 27648K, 14% used [0x00000000fe380000,0x00000000fe772368,0x00000000ffe80000)
  to   space 28160K, 0% used [0x00000000fc780000,0x00000000fc780000,0x00000000fe300000)
 ParOldGen       total 349696K, used 326923K [0x00000000e0000000, 0x00000000f5580000, 0x00000000f5580000)
  object space 349696K, 93% used [0x00000000e0000000,0x00000000f3f42d80,0x00000000f5580000)
 Metaspace       used 127968K, capacity 139754K, committed 140032K, reserved 1171456K
  class space    used 16317K, capacity 18401K, committed 18432K, reserved 1048576K
Event: 22025,899 GC heap after
Heap after GC invocations=225 (full 8):
 PSYoungGen      total 144896K, used 2330K [0x00000000f5580000, 0x0000000100000000, 0x0000000100000000)
  eden space 116736K, 0% used [0x00000000f5580000,0x00000000f5580000,0x00000000fc780000)
  from space 28160K, 8% used [0x00000000fc780000,0x00000000fc9c6b20,0x00000000fe300000)
  to   space 28160K, 0% used [0x00000000fe480000,0x00000000fe480000,0x0000000100000000)
 ParOldGen       total 349696K, used 329552K [0x00000000e0000000, 0x00000000f5580000, 0x00000000f5580000)
  object space 349696K, 94% used [0x00000000e0000000,0x00000000f41d42f0,0x00000000f5580000)
 Metaspace       used 127968K, capacity 139754K, committed 140032K, reserved 1171456K
  class space    used 16317K, capacity 18401K, committed 18432K, reserved 1048576K
}
Event: 22026,564 GC heap before
{Heap before GC invocations=226 (full 8):
 PSYoungGen      total 144896K, used 119066K [0x00000000f5580000, 0x0000000100000000, 0x0000000100000000)
  eden space 116736K, 100% used [0x00000000f5580000,0x00000000fc780000,0x00000000fc780000)
  from space 28160K, 8% used [0x00000000fc780000,0x00000000fc9c6b20,0x00000000fe300000)
  to   space 28160K, 0% used [0x00000000fe480000,0x00000000fe480000,0x0000000100000000)
 ParOldGen       total 349696K, used 329552K [0x00000000e0000000, 0x00000000f5580000, 0x00000000f5580000)
  object space 349696K, 94% used [0x00000000e0000000,0x00000000f41d42f0,0x00000000f5580000)
 Metaspace       used 127969K, capacity 139754K, committed 140032K, reserved 1171456K
  class space    used 16317K, capacity 18401K, committed 18432K, reserved 1048576K
Event: 22029,054 GC heap after
Heap after GC invocations=226 (full 8):
 PSYoungGen      total 145408K, used 2376K [0x00000000f5580000, 0x00000000fff00000, 0x0000000100000000)
  eden space 118272K, 0% used [0x00000000f5580000,0x00000000f5580000,0x00000000fc900000)
  from space 27136K, 8% used [0x00000000fe480000,0x00000000fe6d2360,0x00000000fff00000)
  to   space 27648K, 0% used [0x00000000fc900000,0x00000000fc900000,0x00000000fe400000)
 ParOldGen       total 349696K, used 331351K [0x00000000e0000000, 0x00000000f5580000, 0x00000000f5580000)
  object space 349696K, 94% used [0x00000000e0000000,0x00000000f4395c78,0x00000000f5580000)
 Metaspace       used 127969K, capacity 139754K, committed 140032K, reserved 1171456K
  class space    used 16317K, capacity 18401K, committed 18432K, reserved 1048576K
}
Event: 22079,091 GC heap before
{Heap before GC invocations=227 (full 8):
 PSYoungGen      total 145408K, used 120648K [0x00000000f5580000, 0x00000000fff00000, 0x0000000100000000)
  eden space 118272K, 100% used [0x00000000f5580000,0x00000000fc900000,0x00000000fc900000)
  from space 27136K, 8% used [0x00000000fe480000,0x00000000fe6d2360,0x00000000fff00000)
  to   space 27648K, 0% used [0x00000000fc900000,0x00000000fc900000,0x00000000fe400000)
 ParOldGen       total 349696K, used 331351K [0x00000000e0000000, 0x00000000f5580000, 0x00000000f5580000)
  object space 349696K, 94% used [0x00000000e0000000,0x00000000f4395c78,0x00000000f5580000)
 Metaspace       used 128050K, capacity 139856K, committed 140032K, reserved 1171456K
  class space    used 16320K, capacity 18406K, committed 18432K, reserved 1048576K
Event: 22079,120 GC heap after
Heap after GC invocations=227 (full 8):
 PSYoungGen      total 145920K, used 10532K [0x00000000f5580000, 0x00000000ffd80000, 0x0000000100000000)
  eden space 118272K, 0% used [0x00000000f5580000,0x00000000f5580000,0x00000000fc900000)
  from space 27648K, 38% used [0x00000000fc900000,0x00000000fd349388,0x00000000fe400000)
  to   space 26112K, 0% used [0x00000000fe400000,0x00000000fe400000,0x00000000ffd80000)
 ParOldGen       total 349696K, used 332683K [0x00000000e0000000, 0x00000000f5580000, 0x00000000f5580000)
  object space 349696K, 95% used [0x00000000e0000000,0x00000000f44e2f30,0x00000000f5580000)
 Metaspace       used 128050K, capacity 139856K, committed 140032K, reserved 1171456K
  class space    used 16320K, capacity 18406K, committed 18432K, reserved 1048576K
}
Event: 22079,822 GC heap before
{Heap before GC invocations=228 (full 8):
 PSYoungGen      total 145920K, used 128804K [0x00000000f5580000, 0x00000000ffd80000, 0x0000000100000000)
  eden space 118272K, 100% used [0x00000000f5580000,0x00000000fc900000,0x00000000fc900000)
  from space 27648K, 38% used [0x00000000fc900000,0x00000000fd349388,0x00000000fe400000)
  to   space 26112K, 0% used [0x00000000fe400000,0x00000000fe400000,0x00000000ffd80000)
 ParOldGen       total 349696K, used 332683K [0x00000000e0000000, 0x00000000f5580000, 0x00000000f5580000)
  object space 349696K, 95% used [0x00000000e0000000,0x00000000f44e2f30,0x00000000f5580000)
 Metaspace       used 128166K, capacity 140046K, committed 140416K, reserved 1171456K
  class space    used 16332K, capacity 18427K, committed 18560K, reserved 1048576K
Event: 22079,918 GC heap after
Heap after GC invocations=228 (full 8):
 PSYoungGen      total 143360K, used 20688K [0x00000000f5580000, 0x0000000100000000, 0x0000000100000000)
  eden space 117248K, 0% used [0x00000000f5580000,0x00000000f5580000,0x00000000fc800000)
  from space 26112K, 79% used [0x00000000fe400000,0x00000000ff834010,0x00000000ffd80000)
  to   space 28672K, 0% used [0x00000000fc800000,0x00000000fc800000,0x00000000fe400000)
 ParOldGen       total 349696K, used 342503K [0x00000000e0000000, 0x00000000f5580000, 0x00000000f5580000)
  object space 349696K, 97% used [0x00000000e0000000,0x00000000f4e79e20,0x00000000f5580000)
 Metaspace       used 128166K, capacity 140046K, committed 140416K, reserved 1171456K
  class space    used 16332K, capacity 18427K, committed 18560K, reserved 1048576K
}
Event: 22079,918 GC heap before
{Heap before GC invocations=229 (full 9):
 PSYoungGen      total 143360K, used 20688K [0x00000000f5580000, 0x0000000100000000, 0x0000000100000000)
  eden space 117248K, 0% used [0x00000000f5580000,0x00000000f5580000,0x00000000fc800000)
  from space 26112K, 79% used [0x00000000fe400000,0x00000000ff834010,0x00000000ffd80000)
  to   space 28672K, 0% used [0x00000000fc800000,0x00000000fc800000,0x00000000fe400000)
 ParOldGen       total 349696K, used 342503K [0x00000000e0000000, 0x00000000f5580000, 0x00000000f5580000)
  object space 349696K, 97% used [0x00000000e0000000,0x00000000f4e79e20,0x00000000f5580000)
 Metaspace       used 128166K, capacity 140046K, committed 140416K, reserved 1171456K
  class space    used 16332K, capacity 18427K, committed 18560K, reserved 1048576K

